POST Data:
Array
(
    [name] => dxgjsf
    [content] => fxg f
)
FILES Data:
Array
(
    [file] => Array
        (
            [name] => ocean.mp4
            [type] => video/mp4
            [tmp_name] => C:\xampp\tmp\php9B3F.tmp
            [error] => 0
            [size] => 4163855
        )

)
POST Data:
Array
(
    [name] => dxgjsf
    [content] => fxg f
)
FILES Data:
Array
(
    [file] => Array
        (
            [name] => ocean.mp4
            [type] => video/mp4
            [tmp_name] => C:\xampp\tmp\php9FB5.tmp
            [error] => 0
            [size] => 4163855
        )

)
POST Data:
Array
(
    [name] => dxgjsf
    [content] => fxg f
)
FILES Data:
Array
(
    [file] => Array
        (
            [name] => ocean.mp4
            [type] => video/mp4
            [tmp_name] => C:\xampp\tmp\phpA062.tmp
            [error] => 0
            [size] => 4163855
        )

)
POST Data:
Array
(
    [name] => dxgjsf
    [content] => fxg f
)
FILES Data:
Array
(
    [file] => Array
        (
            [name] => ocean.mp4
            [type] => video/mp4
            [tmp_name] => C:\xampp\tmp\phpA10F.tmp
            [error] => 0
            [size] => 4163855
        )

)
POST Data:
Array
(
    [name] => dxgjsf
    [content] => fxg f
)
FILES Data:
Array
(
    [file] => Array
        (
            [name] => ocean.mp4
            [type] => video/mp4
            [tmp_name] => C:\xampp\tmp\phpA1AC.tmp
            [error] => 0
            [size] => 4163855
        )

)
POST Data:
Array
(
    [name] => dxgjsf
    [content] => fxg f
)
FILES Data:
Array
(
    [file] => Array
        (
            [name] => ocean.mp4
            [type] => video/mp4
            [tmp_name] => C:\xampp\tmp\phpA239.tmp
            [error] => 0
            [size] => 4163855
        )

)
POST Data:
Array
(
    [name] => dxgjsf
    [content] => fxg f
)
FILES Data:
Array
(
    [file] => Array
        (
            [name] => ocean.mp4
            [type] => video/mp4
            [tmp_name] => C:\xampp\tmp\phpA2D7.tmp
            [error] => 0
            [size] => 4163855
        )

)
POST Data:
Array
(
    [name] => dxgjsf
    [content] => fxg f
)
FILES Data:
Array
(
    [file] => Array
        (
            [name] => ocean.mp4
            [type] => video/mp4
            [tmp_name] => C:\xampp\tmp\phpA374.tmp
            [error] => 0
            [size] => 4163855
        )

)
POST Data:
Array
(
    [name] => dxgjsf
    [content] => fxg f
)
FILES Data:
Array
(
    [file] => Array
        (
            [name] => ocean.mp4
            [type] => video/mp4
            [tmp_name] => C:\xampp\tmp\phpA450.tmp
            [error] => 0
            [size] => 4163855
        )

)
POST Data:
Array
(
    [name] => dxgjsf
    [content] => fxg f
)
FILES Data:
Array
(
    [file] => Array
        (
            [name] => ocean.mp4
            [type] => video/mp4
            [tmp_name] => C:\xampp\tmp\phpA819.tmp
            [error] => 0
            [size] => 4163855
        )

)
POST Data:
Array
(
    [name] => dxgjsf
    [content] => fxg f
)
FILES Data:
Array
(
    [file] => Array
        (
            [name] => ocean.mp4
            [type] => video/mp4
            [tmp_name] => C:\xampp\tmp\phpA8B7.tmp
            [error] => 0
            [size] => 4163855
        )

)
POST Data:
Array
(
    [name] => dxgjsf
    [content] => fxg f
)
FILES Data:
Array
(
    [file] => Array
        (
            [name] => ocean.mp4
            [type] => video/mp4
            [tmp_name] => C:\xampp\tmp\phpA992.tmp
            [error] => 0
            [size] => 4163855
        )

)
POST Data:
Array
(
    [name] => nnbj
    [content] => jjk
)
FILES Data:
Array
(
    [file] => Array
        (
            [name] => ocean.mp4
            [type] => video/mp4
            [tmp_name] => C:\xampp\tmp\phpBD2C.tmp
            [error] => 0
            [size] => 4163855
        )

)
POST Data:
Array
(
    [name] => nnbj
    [content] => jjk
)
FILES Data:
Array
(
    [file] => Array
        (
            [name] => ocean.mp4
            [type] => video/mp4
            [tmp_name] => C:\xampp\tmp\phpC098.tmp
            [error] => 0
            [size] => 4163855
        )

)
POST Data:
Array
(
    [name] => nnbj
    [content] => jjk
)
FILES Data:
Array
(
    [file] => Array
        (
            [name] => ocean.mp4
            [type] => video/mp4
            [tmp_name] => C:\xampp\tmp\phpC145.tmp
            [error] => 0
            [size] => 4163855
        )

)
POST Data:
Array
(
    [name] => nnbj
    [content] => jjk
)
FILES Data:
Array
(
    [file] => Array
        (
            [name] => ocean.mp4
            [type] => video/mp4
            [tmp_name] => C:\xampp\tmp\phpC221.tmp
            [error] => 0
            [size] => 4163855
        )

)
POST Data:
Array
(
    [name] => nnbj
    [content] => jjk
)
FILES Data:
Array
(
    [file] => Array
        (
            [name] => ocean.mp4
            [type] => video/mp4
            [tmp_name] => C:\xampp\tmp\phpC406.tmp
            [error] => 0
            [size] => 4163855
        )

)
POST Data:
Array
(
    [name] => zc xn
    [content] => z xz
)
FILES Data:
Array
(
    [file] => Array
        (
            [name] => ocean.mp4
            [type] => video/mp4
            [tmp_name] => C:\xampp\tmp\php9706.tmp
            [error] => 0
            [size] => 4163855
        )

)
POST Data:
Array
(
    [name] => zc xn
    [content] => z xz
)
FILES Data:
Array
(
    [file] => Array
        (
            [name] => ocean.mp4
            [type] => video/mp4
            [tmp_name] => C:\xampp\tmp\phpA04E.tmp
            [error] => 0
            [size] => 4163855
        )

)
POST Data:
Array
(
    [name] => zc xn
    [content] => z xz
)
FILES Data:
Array
(
    [file] => Array
        (
            [name] => ocean.mp4
            [type] => video/mp4
            [tmp_name] => C:\xampp\tmp\phpDD34.tmp
            [error] => 0
            [size] => 4163855
        )

)
